2024-06-20 13:57:17 [background-preinit] INFO  o.h.validator.internal.util.Version - HV000001: Hibernate Validator 8.0.1.Final
2024-06-20 13:57:17 [restartedMain] INFO  m.v.c.Cs2itemsrestapiApplication - Starting Cs2itemsrestapiApplication using Java 19.0.1 with PID 17128 (C:\Users\neatr\OneDrive\Рабочий стол\cs2itemsrestapi\target\classes started by neatr in C:\Users\neatr\OneDrive\Рабочий стол\cs2itemsrestapi)
2024-06-20 13:57:17 [restartedMain] INFO  m.v.c.Cs2itemsrestapiApplication - No active profile set, falling back to 1 default profile: "default"
2024-06-20 13:57:17 [restartedMain] INFO  o.s.b.d.e.DevToolsPropertyDefaultsPostProcessor - Devtools property defaults active! Set 'spring.devtools.add-properties' to 'false' to disable
2024-06-20 13:57:17 [restartedMain] INFO  o.s.b.d.e.DevToolsPropertyDefaultsPostProcessor - For additional web related logging consider setting the 'logging.level.web' property to 'DEBUG'
2024-06-20 13:57:18 [restartedMain] INFO  o.s.d.r.c.RepositoryConfigurationDelegate - Bootstrapping Spring Data JPA repositories in DEFAULT mode.
2024-06-20 13:57:18 [restartedMain] INFO  o.s.d.r.c.RepositoryConfigurationDelegate - Finished Spring Data repository scanning in 64 ms. Found 2 JPA repository interfaces.
2024-06-20 13:57:19 [restartedMain] INFO  o.s.b.w.e.tomcat.TomcatWebServer - Tomcat initialized with port 8080 (http)
2024-06-20 13:57:19 [restartedMain] INFO  o.a.coyote.http11.Http11NioProtocol - Initializing ProtocolHandler ["http-nio-8080"]
2024-06-20 13:57:19 [restartedMain] INFO  o.a.catalina.core.StandardService - Starting service [Tomcat]
2024-06-20 13:57:19 [restartedMain] INFO  o.a.catalina.core.StandardEngine - Starting Servlet engine: [Apache Tomcat/10.1.19]
2024-06-20 13:57:19 [restartedMain] INFO  o.a.c.c.C.[Tomcat].[localhost].[/] - Initializing Spring embedded WebApplicationContext
2024-06-20 13:57:19 [restartedMain] INFO  o.s.b.w.s.c.ServletWebServerApplicationContext - Root WebApplicationContext: initialization completed in 1674 ms
2024-06-20 13:57:19 [restartedMain] INFO  com.zaxxer.hikari.HikariDataSource - HikariPool-1 - Starting...
2024-06-20 13:57:20 [restartedMain] INFO  com.zaxxer.hikari.pool.HikariPool - HikariPool-1 - Added connection com.mysql.cj.jdbc.ConnectionImpl@68e515eb
2024-06-20 13:57:20 [restartedMain] INFO  com.zaxxer.hikari.HikariDataSource - HikariPool-1 - Start completed.
2024-06-20 13:57:20 [restartedMain] INFO  o.h.jpa.internal.util.LogHelper - HHH000204: Processing PersistenceUnitInfo [name: default]
2024-06-20 13:57:20 [restartedMain] INFO  org.hibernate.Version - HHH000412: Hibernate ORM core version 6.4.4.Final
2024-06-20 13:57:20 [restartedMain] INFO  o.h.c.i.RegionFactoryInitiator - HHH000026: Second-level cache disabled
2024-06-20 13:57:20 [restartedMain] INFO  o.s.o.j.p.SpringPersistenceUnitInfo - No LoadTimeWeaver setup: ignoring JPA class transformer
2024-06-20 13:57:21 [restartedMain] INFO  o.h.e.t.j.p.i.JtaPlatformInitiator - HHH000489: No JTA platform available (set 'hibernate.transaction.jta.platform' to enable JTA platform integration)
2024-06-20 13:57:21 [restartedMain] INFO  o.s.o.j.LocalContainerEntityManagerFactoryBean - Initialized JPA EntityManagerFactory for persistence unit 'default'
2024-06-20 13:57:21 [restartedMain] WARN  o.s.b.a.o.j.JpaBaseConfiguration$JpaWebConfiguration - spring.jpa.open-in-view is enabled by default. Therefore, database queries may be performed during view rendering. Explicitly configure spring.jpa.open-in-view to disable this warning
2024-06-20 13:57:22 [restartedMain] INFO  o.s.b.d.a.OptionalLiveReloadServer - LiveReload server is running on port 35729
2024-06-20 13:57:22 [restartedMain] INFO  o.a.coyote.http11.Http11NioProtocol - Starting ProtocolHandler ["http-nio-8080"]
2024-06-20 13:57:22 [restartedMain] INFO  o.s.b.w.e.tomcat.TomcatWebServer - Tomcat started on port 8080 (http) with context path ''
2024-06-20 13:57:22 [restartedMain] INFO  m.v.c.Cs2itemsrestapiApplication - Started Cs2itemsrestapiApplication in 4.993 seconds (process running for 5.899)
2024-06-20 13:57:28 [http-nio-8080-exec-1] INFO  o.a.c.c.C.[Tomcat].[localhost].[/] - Initializing Spring DispatcherServlet 'dispatcherServlet'
2024-06-20 13:57:28 [http-nio-8080-exec-1] INFO  o.s.web.servlet.DispatcherServlet - Initializing Servlet 'dispatcherServlet'
2024-06-20 13:57:28 [http-nio-8080-exec-1] INFO  o.s.web.servlet.DispatcherServlet - Completed initialization in 1 ms
2024-06-20 13:57:28 [http-nio-8080-exec-1] INFO  Cs2ItemsRestAPI - Updating items DB
2024-06-20 13:57:36 [http-nio-8080-exec-1] INFO  Cs2ItemsRestAPI - Updated 14078 items.
2024-06-20 13:57:40 [http-nio-8080-exec-2] WARN  o.s.w.s.m.m.a.ExceptionHandlerExceptionResolver - Resolved [org.springframework.web.servlet.resource.NoResourceFoundException: No static resource favicon.ico.]
2024-06-20 13:58:26 [http-nio-8080-exec-3] INFO  Cs2ItemsRestAPI - Updating currency DB
2024-06-20 13:58:27 [http-nio-8080-exec-3] INFO  Cs2ItemsRestAPI - Updated 1 currency rates.
2024-06-20 14:03:06 [http-nio-8080-exec-10] WARN  o.s.w.s.m.m.a.ExceptionHandlerExceptionResolver - Resolved [me.vasylkov.cs2itemsrestapi.rest.exception.EntityNotFoundException: Item with name Sticker | iM (Glitter not found]
2024-06-20 14:03:43 [http-nio-8080-exec-8] WARN  o.s.w.s.m.m.a.ExceptionHandlerExceptionResolver - Resolved [me.vasylkov.cs2itemsrestapi.rest.exception.EntityNotFoundException: Item with name Sticker | jL (Glitter not found]
2024-06-20 14:03:43 [http-nio-8080-exec-10] WARN  o.s.w.s.m.m.a.ExceptionHandlerExceptionResolver - Resolved [me.vasylkov.cs2itemsrestapi.rest.exception.EntityNotFoundException: Item with name Sticker | Champion) | Copenhagen 2024 not found]
2024-06-20 14:23:37 [http-nio-8080-exec-7] WARN  o.s.w.s.m.m.a.ExceptionHandlerExceptionResolver - Resolved [me.vasylkov.cs2itemsrestapi.rest.exception.EntityNotFoundException: Item with name Sticker | w0nderful (Glitter not found]
2024-06-20 14:23:37 [http-nio-8080-exec-8] WARN  o.s.w.s.m.m.a.ExceptionHandlerExceptionResolver - Resolved [me.vasylkov.cs2itemsrestapi.rest.exception.EntityNotFoundException: Item with name Sticker | Champion) | Copenhagen 2024 not found]
2024-06-20 14:25:08 [SpringApplicationShutdownHook] INFO  o.s.o.j.LocalContainerEntityManagerFactoryBean - Closing JPA EntityManagerFactory for persistence unit 'default'
2024-06-20 14:25:08 [SpringApplicationShutdownHook] INFO  com.zaxxer.hikari.HikariDataSource - HikariPool-1 - Shutdown initiated...
2024-06-20 14:25:08 [SpringApplicationShutdownHook] INFO  com.zaxxer.hikari.HikariDataSource - HikariPool-1 - Shutdown completed.
2024-06-20 20:47:03 [background-preinit] INFO  o.h.validator.internal.util.Version - HV000001: Hibernate Validator 8.0.1.Final
2024-06-20 20:47:03 [restartedMain] INFO  m.v.c.Cs2itemsrestapiApplication - Starting Cs2itemsrestapiApplication using Java 19.0.1 with PID 22692 (C:\Users\neatr\OneDrive\Рабочий стол\cs2itemsrestapi\target\classes started by neatr in C:\Users\neatr\OneDrive\Рабочий стол\cs2itemsrestapi)
2024-06-20 20:47:03 [restartedMain] INFO  m.v.c.Cs2itemsrestapiApplication - No active profile set, falling back to 1 default profile: "default"
2024-06-20 20:47:03 [restartedMain] INFO  o.s.b.d.e.DevToolsPropertyDefaultsPostProcessor - Devtools property defaults active! Set 'spring.devtools.add-properties' to 'false' to disable
2024-06-20 20:47:03 [restartedMain] INFO  o.s.b.d.e.DevToolsPropertyDefaultsPostProcessor - For additional web related logging consider setting the 'logging.level.web' property to 'DEBUG'
2024-06-20 20:47:05 [restartedMain] INFO  o.s.d.r.c.RepositoryConfigurationDelegate - Bootstrapping Spring Data JPA repositories in DEFAULT mode.
2024-06-20 20:47:05 [restartedMain] INFO  o.s.d.r.c.RepositoryConfigurationDelegate - Finished Spring Data repository scanning in 46 ms. Found 2 JPA repository interfaces.
2024-06-20 20:47:05 [restartedMain] INFO  o.s.b.w.e.tomcat.TomcatWebServer - Tomcat initialized with port 8080 (http)
2024-06-20 20:47:05 [restartedMain] INFO  o.a.coyote.http11.Http11NioProtocol - Initializing ProtocolHandler ["http-nio-8080"]
2024-06-20 20:47:05 [restartedMain] INFO  o.a.catalina.core.StandardService - Starting service [Tomcat]
2024-06-20 20:47:05 [restartedMain] INFO  o.a.catalina.core.StandardEngine - Starting Servlet engine: [Apache Tomcat/10.1.19]
2024-06-20 20:47:05 [restartedMain] INFO  o.a.c.c.C.[Tomcat].[localhost].[/] - Initializing Spring embedded WebApplicationContext
2024-06-20 20:47:05 [restartedMain] INFO  o.s.b.w.s.c.ServletWebServerApplicationContext - Root WebApplicationContext: initialization completed in 1691 ms
2024-06-20 20:47:05 [restartedMain] INFO  com.zaxxer.hikari.HikariDataSource - HikariPool-1 - Starting...
2024-06-20 20:47:06 [restartedMain] INFO  com.zaxxer.hikari.pool.HikariPool - HikariPool-1 - Added connection com.mysql.cj.jdbc.ConnectionImpl@2e4ac652
2024-06-20 20:47:06 [restartedMain] INFO  com.zaxxer.hikari.HikariDataSource - HikariPool-1 - Start completed.
2024-06-20 20:47:06 [restartedMain] INFO  o.h.jpa.internal.util.LogHelper - HHH000204: Processing PersistenceUnitInfo [name: default]
2024-06-20 20:47:06 [restartedMain] INFO  org.hibernate.Version - HHH000412: Hibernate ORM core version 6.4.4.Final
2024-06-20 20:47:06 [restartedMain] INFO  o.h.c.i.RegionFactoryInitiator - HHH000026: Second-level cache disabled
2024-06-20 20:47:06 [restartedMain] INFO  o.s.o.j.p.SpringPersistenceUnitInfo - No LoadTimeWeaver setup: ignoring JPA class transformer
2024-06-20 20:47:07 [restartedMain] INFO  o.h.e.t.j.p.i.JtaPlatformInitiator - HHH000489: No JTA platform available (set 'hibernate.transaction.jta.platform' to enable JTA platform integration)
2024-06-20 20:47:07 [restartedMain] INFO  o.s.o.j.LocalContainerEntityManagerFactoryBean - Initialized JPA EntityManagerFactory for persistence unit 'default'
2024-06-20 20:47:07 [restartedMain] WARN  o.s.b.a.o.j.JpaBaseConfiguration$JpaWebConfiguration - spring.jpa.open-in-view is enabled by default. Therefore, database queries may be performed during view rendering. Explicitly configure spring.jpa.open-in-view to disable this warning
2024-06-20 20:47:08 [restartedMain] INFO  o.s.b.d.a.OptionalLiveReloadServer - LiveReload server is running on port 35729
2024-06-20 20:47:08 [restartedMain] INFO  o.a.coyote.http11.Http11NioProtocol - Starting ProtocolHandler ["http-nio-8080"]
2024-06-20 20:47:08 [restartedMain] INFO  o.s.b.w.e.tomcat.TomcatWebServer - Tomcat started on port 8080 (http) with context path ''
2024-06-20 20:47:08 [restartedMain] INFO  m.v.c.Cs2itemsrestapiApplication - Started Cs2itemsrestapiApplication in 5.229 seconds (process running for 6.532)
2024-06-20 20:47:12 [http-nio-8080-exec-1] INFO  o.a.c.c.C.[Tomcat].[localhost].[/] - Initializing Spring DispatcherServlet 'dispatcherServlet'
2024-06-20 20:47:12 [http-nio-8080-exec-1] INFO  o.s.web.servlet.DispatcherServlet - Initializing Servlet 'dispatcherServlet'
2024-06-20 20:47:12 [http-nio-8080-exec-1] INFO  o.s.web.servlet.DispatcherServlet - Completed initialization in 2 ms
2024-06-20 20:47:12 [http-nio-8080-exec-1] INFO  Cs2ItemsRestAPI - Updating items DB
2024-06-20 20:47:25 [http-nio-8080-exec-1] INFO  Cs2ItemsRestAPI - Updated 9588 items.
2024-06-20 20:47:43 [http-nio-8080-exec-2] INFO  Cs2ItemsRestAPI - Updating currency DB
2024-06-20 20:47:44 [http-nio-8080-exec-2] INFO  Cs2ItemsRestAPI - Updated 1 currency rates.
2024-06-20 20:52:44 [http-nio-8080-exec-8] WARN  o.s.w.s.m.m.a.ExceptionHandlerExceptionResolver - Resolved [me.vasylkov.cs2itemsrestapi.rest.exception.EntityNotFoundException: Item with name Sticker | Backstab,  b1t (Glitter not found]
2024-06-20 20:52:44 [http-nio-8080-exec-9] WARN  o.s.w.s.m.m.a.ExceptionHandlerExceptionResolver - Resolved [me.vasylkov.cs2itemsrestapi.rest.exception.EntityNotFoundException: Item with name Sticker | Champion) | Copenhagen 2024 not found]
2024-06-20 20:55:21 [SpringApplicationShutdownHook] INFO  o.s.o.j.LocalContainerEntityManagerFactoryBean - Closing JPA EntityManagerFactory for persistence unit 'default'
2024-06-20 20:55:21 [SpringApplicationShutdownHook] INFO  com.zaxxer.hikari.HikariDataSource - HikariPool-1 - Shutdown initiated...
2024-06-20 20:55:21 [SpringApplicationShutdownHook] INFO  com.zaxxer.hikari.HikariDataSource - HikariPool-1 - Shutdown completed.
