2024-06-16 02:08:03 [background-preinit] INFO  o.h.validator.internal.util.Version - HV000001: Hibernate Validator 8.0.1.Final
2024-06-16 02:08:03 [restartedMain] INFO  m.v.c.Cs2itemsrestapiApplication - Starting Cs2itemsrestapiApplication using Java 19.0.1 with PID 20788 (C:\Users\neatr\OneDrive\Рабочий стол\cs2itemsrestapi\target\classes started by neatr in C:\Users\neatr\OneDrive\Рабочий стол\cs2itemsrestapi)
2024-06-16 02:08:03 [restartedMain] INFO  m.v.c.Cs2itemsrestapiApplication - No active profile set, falling back to 1 default profile: "default"
2024-06-16 02:08:03 [restartedMain] INFO  o.s.b.d.e.DevToolsPropertyDefaultsPostProcessor - Devtools property defaults active! Set 'spring.devtools.add-properties' to 'false' to disable
2024-06-16 02:08:03 [restartedMain] INFO  o.s.b.d.e.DevToolsPropertyDefaultsPostProcessor - For additional web related logging consider setting the 'logging.level.web' property to 'DEBUG'
2024-06-16 02:08:04 [restartedMain] INFO  o.s.d.r.c.RepositoryConfigurationDelegate - Bootstrapping Spring Data JPA repositories in DEFAULT mode.
2024-06-16 02:08:04 [restartedMain] INFO  o.s.d.r.c.RepositoryConfigurationDelegate - Finished Spring Data repository scanning in 46 ms. Found 2 JPA repository interfaces.
2024-06-16 02:08:04 [restartedMain] INFO  o.s.b.w.e.tomcat.TomcatWebServer - Tomcat initialized with port 8080 (http)
2024-06-16 02:08:04 [restartedMain] INFO  o.a.coyote.http11.Http11NioProtocol - Initializing ProtocolHandler ["http-nio-8080"]
2024-06-16 02:08:04 [restartedMain] INFO  o.a.catalina.core.StandardService - Starting service [Tomcat]
2024-06-16 02:08:04 [restartedMain] INFO  o.a.catalina.core.StandardEngine - Starting Servlet engine: [Apache Tomcat/10.1.19]
2024-06-16 02:08:04 [restartedMain] INFO  o.a.c.c.C.[Tomcat].[localhost].[/] - Initializing Spring embedded WebApplicationContext
2024-06-16 02:08:04 [restartedMain] INFO  o.s.b.w.s.c.ServletWebServerApplicationContext - Root WebApplicationContext: initialization completed in 1416 ms
2024-06-16 02:08:04 [restartedMain] INFO  com.zaxxer.hikari.HikariDataSource - HikariPool-1 - Starting...
2024-06-16 02:08:05 [restartedMain] INFO  com.zaxxer.hikari.pool.HikariPool - HikariPool-1 - Added connection com.mysql.cj.jdbc.ConnectionImpl@36c99906
2024-06-16 02:08:05 [restartedMain] INFO  com.zaxxer.hikari.HikariDataSource - HikariPool-1 - Start completed.
2024-06-16 02:08:05 [restartedMain] INFO  o.h.jpa.internal.util.LogHelper - HHH000204: Processing PersistenceUnitInfo [name: default]
2024-06-16 02:08:05 [restartedMain] INFO  org.hibernate.Version - HHH000412: Hibernate ORM core version 6.4.4.Final
2024-06-16 02:08:05 [restartedMain] INFO  o.h.c.i.RegionFactoryInitiator - HHH000026: Second-level cache disabled
2024-06-16 02:08:05 [restartedMain] INFO  o.s.o.j.p.SpringPersistenceUnitInfo - No LoadTimeWeaver setup: ignoring JPA class transformer
2024-06-16 02:08:06 [restartedMain] INFO  o.h.e.t.j.p.i.JtaPlatformInitiator - HHH000489: No JTA platform available (set 'hibernate.transaction.jta.platform' to enable JTA platform integration)
2024-06-16 02:08:06 [restartedMain] INFO  o.s.o.j.LocalContainerEntityManagerFactoryBean - Initialized JPA EntityManagerFactory for persistence unit 'default'
2024-06-16 02:08:06 [restartedMain] WARN  o.s.b.a.o.j.JpaBaseConfiguration$JpaWebConfiguration - spring.jpa.open-in-view is enabled by default. Therefore, database queries may be performed during view rendering. Explicitly configure spring.jpa.open-in-view to disable this warning
2024-06-16 02:08:07 [restartedMain] INFO  o.s.b.d.a.OptionalLiveReloadServer - LiveReload server is running on port 35729
2024-06-16 02:08:07 [restartedMain] INFO  o.a.coyote.http11.Http11NioProtocol - Starting ProtocolHandler ["http-nio-8080"]
2024-06-16 02:08:07 [restartedMain] INFO  o.s.b.w.e.tomcat.TomcatWebServer - Tomcat started on port 8080 (http) with context path ''
2024-06-16 02:08:07 [restartedMain] INFO  m.v.c.Cs2itemsrestapiApplication - Started Cs2itemsrestapiApplication in 4.17 seconds (process running for 6.936)
2024-06-16 02:08:32 [http-nio-8080-exec-1] INFO  o.a.c.c.C.[Tomcat].[localhost].[/] - Initializing Spring DispatcherServlet 'dispatcherServlet'
2024-06-16 02:08:32 [http-nio-8080-exec-1] INFO  o.s.web.servlet.DispatcherServlet - Initializing Servlet 'dispatcherServlet'
2024-06-16 02:08:32 [http-nio-8080-exec-1] INFO  o.s.web.servlet.DispatcherServlet - Completed initialization in 1 ms
2024-06-16 02:15:30 [SpringApplicationShutdownHook] INFO  o.s.o.j.LocalContainerEntityManagerFactoryBean - Closing JPA EntityManagerFactory for persistence unit 'default'
2024-06-16 02:15:30 [SpringApplicationShutdownHook] INFO  com.zaxxer.hikari.HikariDataSource - HikariPool-1 - Shutdown initiated...
2024-06-16 02:15:30 [SpringApplicationShutdownHook] INFO  com.zaxxer.hikari.HikariDataSource - HikariPool-1 - Shutdown completed.
2024-06-16 02:20:02 [background-preinit] INFO  o.h.validator.internal.util.Version - HV000001: Hibernate Validator 8.0.1.Final
2024-06-16 02:20:02 [restartedMain] INFO  m.v.c.Cs2itemsrestapiApplication - Starting Cs2itemsrestapiApplication using Java 19.0.1 with PID 13248 (C:\Users\neatr\OneDrive\Рабочий стол\cs2itemsrestapi\target\classes started by neatr in C:\Users\neatr\OneDrive\Рабочий стол\cs2itemsrestapi)
2024-06-16 02:20:02 [restartedMain] INFO  m.v.c.Cs2itemsrestapiApplication - No active profile set, falling back to 1 default profile: "default"
2024-06-16 02:20:02 [restartedMain] INFO  o.s.b.d.e.DevToolsPropertyDefaultsPostProcessor - Devtools property defaults active! Set 'spring.devtools.add-properties' to 'false' to disable
2024-06-16 02:20:02 [restartedMain] INFO  o.s.b.d.e.DevToolsPropertyDefaultsPostProcessor - For additional web related logging consider setting the 'logging.level.web' property to 'DEBUG'
2024-06-16 02:20:03 [restartedMain] INFO  o.s.d.r.c.RepositoryConfigurationDelegate - Bootstrapping Spring Data JPA repositories in DEFAULT mode.
2024-06-16 02:20:03 [restartedMain] INFO  o.s.d.r.c.RepositoryConfigurationDelegate - Finished Spring Data repository scanning in 46 ms. Found 2 JPA repository interfaces.
2024-06-16 02:20:03 [restartedMain] INFO  o.s.b.w.e.tomcat.TomcatWebServer - Tomcat initialized with port 8080 (http)
2024-06-16 02:20:03 [restartedMain] INFO  o.a.coyote.http11.Http11NioProtocol - Initializing ProtocolHandler ["http-nio-8080"]
2024-06-16 02:20:03 [restartedMain] INFO  o.a.catalina.core.StandardService - Starting service [Tomcat]
2024-06-16 02:20:03 [restartedMain] INFO  o.a.catalina.core.StandardEngine - Starting Servlet engine: [Apache Tomcat/10.1.19]
2024-06-16 02:20:03 [restartedMain] INFO  o.a.c.c.C.[Tomcat].[localhost].[/] - Initializing Spring embedded WebApplicationContext
2024-06-16 02:20:03 [restartedMain] INFO  o.s.b.w.s.c.ServletWebServerApplicationContext - Root WebApplicationContext: initialization completed in 1134 ms
2024-06-16 02:20:03 [restartedMain] INFO  com.zaxxer.hikari.HikariDataSource - HikariPool-1 - Starting...
2024-06-16 02:20:03 [restartedMain] INFO  com.zaxxer.hikari.pool.HikariPool - HikariPool-1 - Added connection com.mysql.cj.jdbc.ConnectionImpl@72b510
2024-06-16 02:20:03 [restartedMain] INFO  com.zaxxer.hikari.HikariDataSource - HikariPool-1 - Start completed.
2024-06-16 02:20:04 [restartedMain] INFO  o.h.jpa.internal.util.LogHelper - HHH000204: Processing PersistenceUnitInfo [name: default]
2024-06-16 02:20:04 [restartedMain] INFO  org.hibernate.Version - HHH000412: Hibernate ORM core version 6.4.4.Final
2024-06-16 02:20:04 [restartedMain] INFO  o.h.c.i.RegionFactoryInitiator - HHH000026: Second-level cache disabled
2024-06-16 02:20:04 [restartedMain] INFO  o.s.o.j.p.SpringPersistenceUnitInfo - No LoadTimeWeaver setup: ignoring JPA class transformer
2024-06-16 02:20:05 [restartedMain] INFO  o.h.e.t.j.p.i.JtaPlatformInitiator - HHH000489: No JTA platform available (set 'hibernate.transaction.jta.platform' to enable JTA platform integration)
2024-06-16 02:20:05 [restartedMain] INFO  o.s.o.j.LocalContainerEntityManagerFactoryBean - Initialized JPA EntityManagerFactory for persistence unit 'default'
2024-06-16 02:20:05 [restartedMain] WARN  o.s.b.a.o.j.JpaBaseConfiguration$JpaWebConfiguration - spring.jpa.open-in-view is enabled by default. Therefore, database queries may be performed during view rendering. Explicitly configure spring.jpa.open-in-view to disable this warning
2024-06-16 02:20:05 [restartedMain] INFO  o.s.b.d.a.OptionalLiveReloadServer - LiveReload server is running on port 35729
2024-06-16 02:20:05 [restartedMain] INFO  o.a.coyote.http11.Http11NioProtocol - Starting ProtocolHandler ["http-nio-8080"]
2024-06-16 02:20:05 [restartedMain] INFO  o.s.b.w.e.tomcat.TomcatWebServer - Tomcat started on port 8080 (http) with context path ''
2024-06-16 02:20:05 [restartedMain] INFO  m.v.c.Cs2itemsrestapiApplication - Started Cs2itemsrestapiApplication in 4.172 seconds (process running for 4.892)
2024-06-16 02:20:13 [http-nio-8080-exec-1] INFO  o.a.c.c.C.[Tomcat].[localhost].[/] - Initializing Spring DispatcherServlet 'dispatcherServlet'
2024-06-16 02:20:13 [http-nio-8080-exec-1] INFO  o.s.web.servlet.DispatcherServlet - Initializing Servlet 'dispatcherServlet'
2024-06-16 02:20:13 [http-nio-8080-exec-1] INFO  o.s.web.servlet.DispatcherServlet - Completed initialization in 0 ms
2024-06-16 02:30:44 [SpringApplicationShutdownHook] INFO  o.s.o.j.LocalContainerEntityManagerFactoryBean - Closing JPA EntityManagerFactory for persistence unit 'default'
2024-06-16 02:30:44 [SpringApplicationShutdownHook] INFO  com.zaxxer.hikari.HikariDataSource - HikariPool-1 - Shutdown initiated...
2024-06-16 02:30:44 [SpringApplicationShutdownHook] INFO  com.zaxxer.hikari.HikariDataSource - HikariPool-1 - Shutdown completed.
2024-06-16 02:43:39 [background-preinit] INFO  o.h.validator.internal.util.Version - HV000001: Hibernate Validator 8.0.1.Final
2024-06-16 02:43:39 [restartedMain] INFO  m.v.c.Cs2itemsrestapiApplication - Starting Cs2itemsrestapiApplication using Java 19.0.1 with PID 25768 (C:\Users\neatr\OneDrive\Рабочий стол\cs2itemsrestapi\target\classes started by neatr in C:\Users\neatr\OneDrive\Рабочий стол\cs2itemsrestapi)
2024-06-16 02:43:39 [restartedMain] INFO  m.v.c.Cs2itemsrestapiApplication - No active profile set, falling back to 1 default profile: "default"
2024-06-16 02:43:39 [restartedMain] INFO  o.s.b.d.e.DevToolsPropertyDefaultsPostProcessor - Devtools property defaults active! Set 'spring.devtools.add-properties' to 'false' to disable
2024-06-16 02:43:39 [restartedMain] INFO  o.s.b.d.e.DevToolsPropertyDefaultsPostProcessor - For additional web related logging consider setting the 'logging.level.web' property to 'DEBUG'
2024-06-16 02:43:40 [restartedMain] INFO  o.s.d.r.c.RepositoryConfigurationDelegate - Bootstrapping Spring Data JPA repositories in DEFAULT mode.
2024-06-16 02:43:40 [restartedMain] INFO  o.s.d.r.c.RepositoryConfigurationDelegate - Finished Spring Data repository scanning in 45 ms. Found 2 JPA repository interfaces.
2024-06-16 02:43:41 [restartedMain] INFO  o.s.b.w.e.tomcat.TomcatWebServer - Tomcat initialized with port 8080 (http)
2024-06-16 02:43:41 [restartedMain] INFO  o.a.coyote.http11.Http11NioProtocol - Initializing ProtocolHandler ["http-nio-8080"]
2024-06-16 02:43:41 [restartedMain] INFO  o.a.catalina.core.StandardService - Starting service [Tomcat]
2024-06-16 02:43:41 [restartedMain] INFO  o.a.catalina.core.StandardEngine - Starting Servlet engine: [Apache Tomcat/10.1.19]
2024-06-16 02:43:41 [restartedMain] INFO  o.a.c.c.C.[Tomcat].[localhost].[/] - Initializing Spring embedded WebApplicationContext
2024-06-16 02:43:41 [restartedMain] INFO  o.s.b.w.s.c.ServletWebServerApplicationContext - Root WebApplicationContext: initialization completed in 1361 ms
2024-06-16 02:43:41 [restartedMain] INFO  com.zaxxer.hikari.HikariDataSource - HikariPool-1 - Starting...
2024-06-16 02:43:41 [restartedMain] INFO  com.zaxxer.hikari.pool.HikariPool - HikariPool-1 - Added connection com.mysql.cj.jdbc.ConnectionImpl@71255cde
2024-06-16 02:43:41 [restartedMain] INFO  com.zaxxer.hikari.HikariDataSource - HikariPool-1 - Start completed.
2024-06-16 02:43:41 [restartedMain] INFO  o.h.jpa.internal.util.LogHelper - HHH000204: Processing PersistenceUnitInfo [name: default]
2024-06-16 02:43:41 [restartedMain] INFO  org.hibernate.Version - HHH000412: Hibernate ORM core version 6.4.4.Final
2024-06-16 02:43:41 [restartedMain] INFO  o.h.c.i.RegionFactoryInitiator - HHH000026: Second-level cache disabled
2024-06-16 02:43:41 [restartedMain] INFO  o.s.o.j.p.SpringPersistenceUnitInfo - No LoadTimeWeaver setup: ignoring JPA class transformer
2024-06-16 02:43:42 [restartedMain] INFO  o.h.e.t.j.p.i.JtaPlatformInitiator - HHH000489: No JTA platform available (set 'hibernate.transaction.jta.platform' to enable JTA platform integration)
2024-06-16 02:43:42 [restartedMain] INFO  o.s.o.j.LocalContainerEntityManagerFactoryBean - Initialized JPA EntityManagerFactory for persistence unit 'default'
2024-06-16 02:43:43 [restartedMain] WARN  o.s.b.a.o.j.JpaBaseConfiguration$JpaWebConfiguration - spring.jpa.open-in-view is enabled by default. Therefore, database queries may be performed during view rendering. Explicitly configure spring.jpa.open-in-view to disable this warning
2024-06-16 02:43:43 [restartedMain] INFO  o.s.b.d.a.OptionalLiveReloadServer - LiveReload server is running on port 35729
2024-06-16 02:43:43 [restartedMain] INFO  o.a.coyote.http11.Http11NioProtocol - Starting ProtocolHandler ["http-nio-8080"]
2024-06-16 02:43:43 [restartedMain] INFO  o.s.b.w.e.tomcat.TomcatWebServer - Tomcat started on port 8080 (http) with context path ''
2024-06-16 02:43:43 [restartedMain] INFO  m.v.c.Cs2itemsrestapiApplication - Started Cs2itemsrestapiApplication in 4.577 seconds (process running for 5.377)
2024-06-16 02:43:47 [http-nio-8080-exec-1] INFO  o.a.c.c.C.[Tomcat].[localhost].[/] - Initializing Spring DispatcherServlet 'dispatcherServlet'
2024-06-16 02:43:47 [http-nio-8080-exec-1] INFO  o.s.web.servlet.DispatcherServlet - Initializing Servlet 'dispatcherServlet'
2024-06-16 02:43:47 [http-nio-8080-exec-1] INFO  o.s.web.servlet.DispatcherServlet - Completed initialization in 0 ms
2024-06-16 02:44:32 [http-nio-8080-exec-10] WARN  o.s.w.s.m.m.a.ExceptionHandlerExceptionResolver - Resolved [me.vasylkov.cs2itemsrestapi.rest.exception.EntityNotFoundException: Item with name Sticker | Run T,  Run,  Run T,  Run,  Run T,  Run,  Run T,  Run not found]
2024-06-16 02:44:32 [http-nio-8080-exec-1] WARN  o.s.w.s.m.m.a.ExceptionHandlerExceptionResolver - Resolved [me.vasylkov.cs2itemsrestapi.rest.exception.EntityNotFoundException: Item with name Sticker | Run T,  Run,  Run T,  Run,  Run T,  Run,  Run T,  Run not found]
2024-06-16 02:44:32 [http-nio-8080-exec-5] WARN  o.s.w.s.m.m.a.ExceptionHandlerExceptionResolver - Resolved [me.vasylkov.cs2itemsrestapi.rest.exception.EntityNotFoundException: Item with name Sticker |  not found]
2024-06-16 02:44:32 [http-nio-8080-exec-4] WARN  o.s.w.s.m.m.a.ExceptionHandlerExceptionResolver - Resolved [me.vasylkov.cs2itemsrestapi.rest.exception.EntityNotFoundException: Item with name Sticker |  not found]
2024-06-16 02:44:32 [http-nio-8080-exec-7] WARN  o.s.w.s.m.m.a.ExceptionHandlerExceptionResolver - Resolved [me.vasylkov.cs2itemsrestapi.rest.exception.EntityNotFoundException: Item with name Sticker |  not found]
2024-06-16 02:44:32 [http-nio-8080-exec-6] WARN  o.s.w.s.m.m.a.ExceptionHandlerExceptionResolver - Resolved [me.vasylkov.cs2itemsrestapi.rest.exception.EntityNotFoundException: Item with name Sticker |  not found]
2024-06-16 02:44:32 [http-nio-8080-exec-9] WARN  o.s.w.s.m.m.a.ExceptionHandlerExceptionResolver - Resolved [me.vasylkov.cs2itemsrestapi.rest.exception.EntityNotFoundException: Item with name Sticker |  not found]
2024-06-16 02:44:32 [http-nio-8080-exec-2] WARN  o.s.w.s.m.m.a.ExceptionHandlerExceptionResolver - Resolved [me.vasylkov.cs2itemsrestapi.rest.exception.EntityNotFoundException: Item with name Sticker |  not found]
2024-06-16 02:44:33 [http-nio-8080-exec-9] WARN  o.s.w.s.m.m.a.ExceptionHandlerExceptionResolver - Resolved [me.vasylkov.cs2itemsrestapi.rest.exception.EntityNotFoundException: Item with name Sticker | Run T,  Run,  Run T,  Run,  Run T,  Run,  Run T,  Run not found]
2024-06-16 02:44:34 [http-nio-8080-exec-2] WARN  o.s.w.s.m.m.a.ExceptionHandlerExceptionResolver - Resolved [me.vasylkov.cs2itemsrestapi.rest.exception.EntityNotFoundException: Item with name Sticker |  not found]
2024-06-16 02:44:34 [http-nio-8080-exec-3] WARN  o.s.w.s.m.m.a.ExceptionHandlerExceptionResolver - Resolved [me.vasylkov.cs2itemsrestapi.rest.exception.EntityNotFoundException: Item with name Sticker |  not found]
2024-06-16 02:44:34 [http-nio-8080-exec-10] WARN  o.s.w.s.m.m.a.ExceptionHandlerExceptionResolver - Resolved [me.vasylkov.cs2itemsrestapi.rest.exception.EntityNotFoundException: Item with name Sticker |  not found]
2024-06-16 02:44:41 [http-nio-8080-exec-8] WARN  o.s.w.s.m.m.a.ExceptionHandlerExceptionResolver - Resolved [me.vasylkov.cs2itemsrestapi.rest.exception.EntityNotFoundException: Item with name Sticker | Run T,  Run,  Run T,  Run,  Run T,  Run,  Run T,  Run not found]
2024-06-16 02:44:41 [http-nio-8080-exec-6] WARN  o.s.w.s.m.m.a.ExceptionHandlerExceptionResolver - Resolved [me.vasylkov.cs2itemsrestapi.rest.exception.EntityNotFoundException: Item with name Sticker | Run T,  Run,  Run T,  Run,  Run T,  Run,  Run T,  Run not found]
2024-06-16 02:44:41 [http-nio-8080-exec-2] WARN  o.s.w.s.m.m.a.ExceptionHandlerExceptionResolver - Resolved [me.vasylkov.cs2itemsrestapi.rest.exception.EntityNotFoundException: Item with name Sticker |  not found]
2024-06-16 02:44:41 [http-nio-8080-exec-9] WARN  o.s.w.s.m.m.a.ExceptionHandlerExceptionResolver - Resolved [me.vasylkov.cs2itemsrestapi.rest.exception.EntityNotFoundException: Item with name Sticker |  not found]
2024-06-16 02:44:41 [http-nio-8080-exec-10] WARN  o.s.w.s.m.m.a.ExceptionHandlerExceptionResolver - Resolved [me.vasylkov.cs2itemsrestapi.rest.exception.EntityNotFoundException: Item with name Sticker |  not found]
2024-06-16 02:44:41 [http-nio-8080-exec-3] WARN  o.s.w.s.m.m.a.ExceptionHandlerExceptionResolver - Resolved [me.vasylkov.cs2itemsrestapi.rest.exception.EntityNotFoundException: Item with name Sticker |  not found]
2024-06-16 02:44:41 [http-nio-8080-exec-1] WARN  o.s.w.s.m.m.a.ExceptionHandlerExceptionResolver - Resolved [me.vasylkov.cs2itemsrestapi.rest.exception.EntityNotFoundException: Item with name Sticker |  not found]
2024-06-16 02:44:41 [http-nio-8080-exec-5] WARN  o.s.w.s.m.m.a.ExceptionHandlerExceptionResolver - Resolved [me.vasylkov.cs2itemsrestapi.rest.exception.EntityNotFoundException: Item with name Sticker |  not found]
2024-06-16 02:44:42 [http-nio-8080-exec-8] WARN  o.s.w.s.m.m.a.ExceptionHandlerExceptionResolver - Resolved [me.vasylkov.cs2itemsrestapi.rest.exception.EntityNotFoundException: Item with name Sticker | Run T,  Run,  Run T,  Run,  Run T,  Run,  Run T,  Run not found]
2024-06-16 02:44:43 [http-nio-8080-exec-6] WARN  o.s.w.s.m.m.a.ExceptionHandlerExceptionResolver - Resolved [me.vasylkov.cs2itemsrestapi.rest.exception.EntityNotFoundException: Item with name Sticker |  not found]
2024-06-16 02:44:43 [http-nio-8080-exec-2] WARN  o.s.w.s.m.m.a.ExceptionHandlerExceptionResolver - Resolved [me.vasylkov.cs2itemsrestapi.rest.exception.EntityNotFoundException: Item with name Sticker |  not found]
2024-06-16 02:44:43 [http-nio-8080-exec-9] WARN  o.s.w.s.m.m.a.ExceptionHandlerExceptionResolver - Resolved [me.vasylkov.cs2itemsrestapi.rest.exception.EntityNotFoundException: Item with name Sticker |  not found]
2024-06-16 02:44:50 [http-nio-8080-exec-4] WARN  o.s.w.s.m.m.a.ExceptionHandlerExceptionResolver - Resolved [me.vasylkov.cs2itemsrestapi.rest.exception.EntityNotFoundException: Item with name Sticker | Run T,  Run,  Run T,  Run,  Run T,  Run,  Run T,  Run not found]
2024-06-16 02:44:50 [http-nio-8080-exec-7] WARN  o.s.w.s.m.m.a.ExceptionHandlerExceptionResolver - Resolved [me.vasylkov.cs2itemsrestapi.rest.exception.EntityNotFoundException: Item with name Sticker | Run T,  Run,  Run T,  Run,  Run T,  Run,  Run T,  Run not found]
2024-06-16 02:44:50 [http-nio-8080-exec-8] WARN  o.s.w.s.m.m.a.ExceptionHandlerExceptionResolver - Resolved [me.vasylkov.cs2itemsrestapi.rest.exception.EntityNotFoundException: Item with name Sticker |  not found]
2024-06-16 02:44:50 [http-nio-8080-exec-6] WARN  o.s.w.s.m.m.a.ExceptionHandlerExceptionResolver - Resolved [me.vasylkov.cs2itemsrestapi.rest.exception.EntityNotFoundException: Item with name Sticker |  not found]
2024-06-16 02:44:50 [http-nio-8080-exec-2] WARN  o.s.w.s.m.m.a.ExceptionHandlerExceptionResolver - Resolved [me.vasylkov.cs2itemsrestapi.rest.exception.EntityNotFoundException: Item with name Sticker |  not found]
2024-06-16 02:44:50 [http-nio-8080-exec-3] WARN  o.s.w.s.m.m.a.ExceptionHandlerExceptionResolver - Resolved [me.vasylkov.cs2itemsrestapi.rest.exception.EntityNotFoundException: Item with name Sticker |  not found]
2024-06-16 02:44:50 [http-nio-8080-exec-10] WARN  o.s.w.s.m.m.a.ExceptionHandlerExceptionResolver - Resolved [me.vasylkov.cs2itemsrestapi.rest.exception.EntityNotFoundException: Item with name Sticker |  not found]
2024-06-16 02:44:50 [http-nio-8080-exec-5] WARN  o.s.w.s.m.m.a.ExceptionHandlerExceptionResolver - Resolved [me.vasylkov.cs2itemsrestapi.rest.exception.EntityNotFoundException: Item with name Sticker |  not found]
2024-06-16 02:44:51 [http-nio-8080-exec-7] WARN  o.s.w.s.m.m.a.ExceptionHandlerExceptionResolver - Resolved [me.vasylkov.cs2itemsrestapi.rest.exception.EntityNotFoundException: Item with name Sticker | Run T,  Run,  Run T,  Run,  Run T,  Run,  Run T,  Run not found]
2024-06-16 02:44:51 [http-nio-8080-exec-4] WARN  o.s.w.s.m.m.a.ExceptionHandlerExceptionResolver - Resolved [me.vasylkov.cs2itemsrestapi.rest.exception.EntityNotFoundException: Item with name Sticker |  not found]
2024-06-16 02:44:51 [http-nio-8080-exec-8] WARN  o.s.w.s.m.m.a.ExceptionHandlerExceptionResolver - Resolved [me.vasylkov.cs2itemsrestapi.rest.exception.EntityNotFoundException: Item with name Sticker |  not found]
2024-06-16 02:44:51 [http-nio-8080-exec-6] WARN  o.s.w.s.m.m.a.ExceptionHandlerExceptionResolver - Resolved [me.vasylkov.cs2itemsrestapi.rest.exception.EntityNotFoundException: Item with name Sticker |  not found]
2024-06-16 02:44:59 [http-nio-8080-exec-1] WARN  o.s.w.s.m.m.a.ExceptionHandlerExceptionResolver - Resolved [me.vasylkov.cs2itemsrestapi.rest.exception.EntityNotFoundException: Item with name Sticker | Run T,  Run,  Run T,  Run,  Run T,  Run,  Run T,  Run not found]
2024-06-16 02:44:59 [http-nio-8080-exec-5] WARN  o.s.w.s.m.m.a.ExceptionHandlerExceptionResolver - Resolved [me.vasylkov.cs2itemsrestapi.rest.exception.EntityNotFoundException: Item with name Sticker | Run T,  Run,  Run T,  Run,  Run T,  Run,  Run T,  Run not found]
2024-06-16 02:44:59 [http-nio-8080-exec-7] WARN  o.s.w.s.m.m.a.ExceptionHandlerExceptionResolver - Resolved [me.vasylkov.cs2itemsrestapi.rest.exception.EntityNotFoundException: Item with name Sticker |  not found]
2024-06-16 02:44:59 [http-nio-8080-exec-4] WARN  o.s.w.s.m.m.a.ExceptionHandlerExceptionResolver - Resolved [me.vasylkov.cs2itemsrestapi.rest.exception.EntityNotFoundException: Item with name Sticker |  not found]
2024-06-16 02:44:59 [http-nio-8080-exec-8] WARN  o.s.w.s.m.m.a.ExceptionHandlerExceptionResolver - Resolved [me.vasylkov.cs2itemsrestapi.rest.exception.EntityNotFoundException: Item with name Sticker |  not found]
2024-06-16 02:44:59 [http-nio-8080-exec-6] WARN  o.s.w.s.m.m.a.ExceptionHandlerExceptionResolver - Resolved [me.vasylkov.cs2itemsrestapi.rest.exception.EntityNotFoundException: Item with name Sticker |  not found]
2024-06-16 02:44:59 [http-nio-8080-exec-2] WARN  o.s.w.s.m.m.a.ExceptionHandlerExceptionResolver - Resolved [me.vasylkov.cs2itemsrestapi.rest.exception.EntityNotFoundException: Item with name Sticker |  not found]
2024-06-16 02:44:59 [http-nio-8080-exec-3] WARN  o.s.w.s.m.m.a.ExceptionHandlerExceptionResolver - Resolved [me.vasylkov.cs2itemsrestapi.rest.exception.EntityNotFoundException: Item with name Sticker |  not found]
2024-06-16 02:45:00 [http-nio-8080-exec-1] WARN  o.s.w.s.m.m.a.ExceptionHandlerExceptionResolver - Resolved [me.vasylkov.cs2itemsrestapi.rest.exception.EntityNotFoundException: Item with name Sticker | Run T,  Run,  Run T,  Run,  Run T,  Run,  Run T,  Run not found]
2024-06-16 02:45:00 [http-nio-8080-exec-5] WARN  o.s.w.s.m.m.a.ExceptionHandlerExceptionResolver - Resolved [me.vasylkov.cs2itemsrestapi.rest.exception.EntityNotFoundException: Item with name Sticker |  not found]
2024-06-16 02:45:00 [http-nio-8080-exec-7] WARN  o.s.w.s.m.m.a.ExceptionHandlerExceptionResolver - Resolved [me.vasylkov.cs2itemsrestapi.rest.exception.EntityNotFoundException: Item with name Sticker |  not found]
2024-06-16 02:45:00 [http-nio-8080-exec-4] WARN  o.s.w.s.m.m.a.ExceptionHandlerExceptionResolver - Resolved [me.vasylkov.cs2itemsrestapi.rest.exception.EntityNotFoundException: Item with name Sticker |  not found]
2024-06-16 02:45:08 [http-nio-8080-exec-5] WARN  o.s.w.s.m.m.a.ExceptionHandlerExceptionResolver - Resolved [me.vasylkov.cs2itemsrestapi.rest.exception.EntityNotFoundException: Item with name Sticker | Run T,  Run,  Run T,  Run,  Run T,  Run,  Run T,  Run not found]
2024-06-16 02:45:08 [http-nio-8080-exec-4] WARN  o.s.w.s.m.m.a.ExceptionHandlerExceptionResolver - Resolved [me.vasylkov.cs2itemsrestapi.rest.exception.EntityNotFoundException: Item with name Sticker |  not found]
2024-06-16 02:45:08 [http-nio-8080-exec-8] WARN  o.s.w.s.m.m.a.ExceptionHandlerExceptionResolver - Resolved [me.vasylkov.cs2itemsrestapi.rest.exception.EntityNotFoundException: Item with name Sticker | Run T,  Run,  Run T,  Run,  Run T,  Run,  Run T,  Run not found]
2024-06-16 02:45:08 [http-nio-8080-exec-6] WARN  o.s.w.s.m.m.a.ExceptionHandlerExceptionResolver - Resolved [me.vasylkov.cs2itemsrestapi.rest.exception.EntityNotFoundException: Item with name Sticker |  not found]
2024-06-16 02:45:08 [http-nio-8080-exec-2] WARN  o.s.w.s.m.m.a.ExceptionHandlerExceptionResolver - Resolved [me.vasylkov.cs2itemsrestapi.rest.exception.EntityNotFoundException: Item with name Sticker |  not found]
2024-06-16 02:45:08 [http-nio-8080-exec-9] WARN  o.s.w.s.m.m.a.ExceptionHandlerExceptionResolver - Resolved [me.vasylkov.cs2itemsrestapi.rest.exception.EntityNotFoundException: Item with name Sticker |  not found]
2024-06-16 02:45:08 [http-nio-8080-exec-3] WARN  o.s.w.s.m.m.a.ExceptionHandlerExceptionResolver - Resolved [me.vasylkov.cs2itemsrestapi.rest.exception.EntityNotFoundException: Item with name Sticker |  not found]
2024-06-16 02:45:08 [http-nio-8080-exec-1] WARN  o.s.w.s.m.m.a.ExceptionHandlerExceptionResolver - Resolved [me.vasylkov.cs2itemsrestapi.rest.exception.EntityNotFoundException: Item with name Sticker |  not found]
2024-06-16 02:45:09 [http-nio-8080-exec-3] WARN  o.s.w.s.m.m.a.ExceptionHandlerExceptionResolver - Resolved [me.vasylkov.cs2itemsrestapi.rest.exception.EntityNotFoundException: Item with name Sticker | Run T,  Run,  Run T,  Run,  Run T,  Run,  Run T,  Run not found]
2024-06-16 02:45:09 [http-nio-8080-exec-10] WARN  o.s.w.s.m.m.a.ExceptionHandlerExceptionResolver - Resolved [me.vasylkov.cs2itemsrestapi.rest.exception.EntityNotFoundException: Item with name Sticker |  not found]
2024-06-16 02:45:09 [http-nio-8080-exec-1] WARN  o.s.w.s.m.m.a.ExceptionHandlerExceptionResolver - Resolved [me.vasylkov.cs2itemsrestapi.rest.exception.EntityNotFoundException: Item with name Sticker |  not found]
2024-06-16 02:45:09 [http-nio-8080-exec-5] WARN  o.s.w.s.m.m.a.ExceptionHandlerExceptionResolver - Resolved [me.vasylkov.cs2itemsrestapi.rest.exception.EntityNotFoundException: Item with name Sticker |  not found]
2024-06-16 02:45:17 [http-nio-8080-exec-1] WARN  o.s.w.s.m.m.a.ExceptionHandlerExceptionResolver - Resolved [me.vasylkov.cs2itemsrestapi.rest.exception.EntityNotFoundException: Item with name Sticker | Run T,  Run,  Run T,  Run,  Run T,  Run,  Run T,  Run not found]
2024-06-16 02:45:17 [http-nio-8080-exec-5] WARN  o.s.w.s.m.m.a.ExceptionHandlerExceptionResolver - Resolved [me.vasylkov.cs2itemsrestapi.rest.exception.EntityNotFoundException: Item with name Sticker |  not found]
2024-06-16 02:45:17 [http-nio-8080-exec-7] WARN  o.s.w.s.m.m.a.ExceptionHandlerExceptionResolver - Resolved [me.vasylkov.cs2itemsrestapi.rest.exception.EntityNotFoundException: Item with name Sticker | Run T,  Run,  Run T,  Run,  Run T,  Run,  Run T,  Run not found]
2024-06-16 02:45:17 [http-nio-8080-exec-8] WARN  o.s.w.s.m.m.a.ExceptionHandlerExceptionResolver - Resolved [me.vasylkov.cs2itemsrestapi.rest.exception.EntityNotFoundException: Item with name Sticker |  not found]
2024-06-16 02:45:17 [http-nio-8080-exec-6] WARN  o.s.w.s.m.m.a.ExceptionHandlerExceptionResolver - Resolved [me.vasylkov.cs2itemsrestapi.rest.exception.EntityNotFoundException: Item with name Sticker |  not found]
2024-06-16 02:45:17 [http-nio-8080-exec-9] WARN  o.s.w.s.m.m.a.ExceptionHandlerExceptionResolver - Resolved [me.vasylkov.cs2itemsrestapi.rest.exception.EntityNotFoundException: Item with name Sticker |  not found]
2024-06-16 02:45:17 [http-nio-8080-exec-10] WARN  o.s.w.s.m.m.a.ExceptionHandlerExceptionResolver - Resolved [me.vasylkov.cs2itemsrestapi.rest.exception.EntityNotFoundException: Item with name Sticker |  not found]
2024-06-16 02:45:17 [http-nio-8080-exec-1] WARN  o.s.w.s.m.m.a.ExceptionHandlerExceptionResolver - Resolved [me.vasylkov.cs2itemsrestapi.rest.exception.EntityNotFoundException: Item with name Sticker |  not found]
2024-06-16 02:45:18 [http-nio-8080-exec-2] WARN  o.s.w.s.m.m.a.ExceptionHandlerExceptionResolver - Resolved [me.vasylkov.cs2itemsrestapi.rest.exception.EntityNotFoundException: Item with name Sticker | Run T,  Run,  Run T,  Run,  Run T,  Run,  Run T,  Run not found]
2024-06-16 02:45:18 [http-nio-8080-exec-9] WARN  o.s.w.s.m.m.a.ExceptionHandlerExceptionResolver - Resolved [me.vasylkov.cs2itemsrestapi.rest.exception.EntityNotFoundException: Item with name Sticker |  not found]
2024-06-16 02:45:18 [http-nio-8080-exec-10] WARN  o.s.w.s.m.m.a.ExceptionHandlerExceptionResolver - Resolved [me.vasylkov.cs2itemsrestapi.rest.exception.EntityNotFoundException: Item with name Sticker |  not found]
2024-06-16 02:45:18 [http-nio-8080-exec-3] WARN  o.s.w.s.m.m.a.ExceptionHandlerExceptionResolver - Resolved [me.vasylkov.cs2itemsrestapi.rest.exception.EntityNotFoundException: Item with name Sticker |  not found]
2024-06-16 02:49:45 [http-nio-8080-exec-2] WARN  o.s.w.s.m.m.a.ExceptionHandlerExceptionResolver - Resolved [me.vasylkov.cs2itemsrestapi.rest.exception.EntityNotFoundException: Item with name Sticker | Run T,  Run,  Run T,  Run,  Run T,  Run,  Run T,  Run not found]
2024-06-16 02:49:45 [http-nio-8080-exec-9] WARN  o.s.w.s.m.m.a.ExceptionHandlerExceptionResolver - Resolved [me.vasylkov.cs2itemsrestapi.rest.exception.EntityNotFoundException: Item with name Sticker |  not found]
2024-06-16 02:49:45 [http-nio-8080-exec-10] WARN  o.s.w.s.m.m.a.ExceptionHandlerExceptionResolver - Resolved [me.vasylkov.cs2itemsrestapi.rest.exception.EntityNotFoundException: Item with name Sticker |  not found]
2024-06-16 02:49:45 [http-nio-8080-exec-3] WARN  o.s.w.s.m.m.a.ExceptionHandlerExceptionResolver - Resolved [me.vasylkov.cs2itemsrestapi.rest.exception.EntityNotFoundException: Item with name Sticker |  not found]
2024-06-16 02:49:57 [http-nio-8080-exec-9] WARN  o.s.w.s.m.m.a.ExceptionHandlerExceptionResolver - Resolved [me.vasylkov.cs2itemsrestapi.rest.exception.EntityNotFoundException: Item with name Sticker | Twistzz (Glitter not found]
2024-06-16 02:49:57 [http-nio-8080-exec-10] WARN  o.s.w.s.m.m.a.ExceptionHandlerExceptionResolver - Resolved [me.vasylkov.cs2itemsrestapi.rest.exception.EntityNotFoundException: Item with name Sticker | Champion) | Antwerp 2022 not found]
2024-06-16 02:49:57 [http-nio-8080-exec-1] WARN  o.s.w.s.m.m.a.ExceptionHandlerExceptionResolver - Resolved [me.vasylkov.cs2itemsrestapi.rest.exception.EntityNotFoundException: Item with name Sticker | Twistzz (Glitter not found]
2024-06-16 02:51:45 [SpringApplicationShutdownHook] INFO  o.s.o.j.LocalContainerEntityManagerFactoryBean - Closing JPA EntityManagerFactory for persistence unit 'default'
2024-06-16 02:51:45 [SpringApplicationShutdownHook] INFO  com.zaxxer.hikari.HikariDataSource - HikariPool-1 - Shutdown initiated...
2024-06-16 02:51:45 [SpringApplicationShutdownHook] INFO  com.zaxxer.hikari.HikariDataSource - HikariPool-1 - Shutdown completed.
2024-06-16 22:58:54 [background-preinit] INFO  o.h.validator.internal.util.Version - HV000001: Hibernate Validator 8.0.1.Final
2024-06-16 22:58:54 [restartedMain] INFO  m.v.c.Cs2itemsrestapiApplication - Starting Cs2itemsrestapiApplication using Java 19.0.1 with PID 27132 (C:\Users\neatr\OneDrive\Рабочий стол\cs2itemsrestapi\target\classes started by neatr in C:\Users\neatr\OneDrive\Рабочий стол\cs2itemsrestapi)
2024-06-16 22:58:54 [restartedMain] INFO  m.v.c.Cs2itemsrestapiApplication - No active profile set, falling back to 1 default profile: "default"
2024-06-16 22:58:54 [restartedMain] INFO  o.s.b.d.e.DevToolsPropertyDefaultsPostProcessor - Devtools property defaults active! Set 'spring.devtools.add-properties' to 'false' to disable
2024-06-16 22:58:54 [restartedMain] INFO  o.s.b.d.e.DevToolsPropertyDefaultsPostProcessor - For additional web related logging consider setting the 'logging.level.web' property to 'DEBUG'
2024-06-16 22:58:55 [restartedMain] INFO  o.s.d.r.c.RepositoryConfigurationDelegate - Bootstrapping Spring Data JPA repositories in DEFAULT mode.
2024-06-16 22:58:55 [restartedMain] INFO  o.s.d.r.c.RepositoryConfigurationDelegate - Finished Spring Data repository scanning in 49 ms. Found 2 JPA repository interfaces.
2024-06-16 22:58:56 [restartedMain] INFO  o.s.b.w.e.tomcat.TomcatWebServer - Tomcat initialized with port 8080 (http)
2024-06-16 22:58:56 [restartedMain] INFO  o.a.coyote.http11.Http11NioProtocol - Initializing ProtocolHandler ["http-nio-8080"]
2024-06-16 22:58:56 [restartedMain] INFO  o.a.catalina.core.StandardService - Starting service [Tomcat]
2024-06-16 22:58:56 [restartedMain] INFO  o.a.catalina.core.StandardEngine - Starting Servlet engine: [Apache Tomcat/10.1.19]
2024-06-16 22:58:56 [restartedMain] INFO  o.a.c.c.C.[Tomcat].[localhost].[/] - Initializing Spring embedded WebApplicationContext
2024-06-16 22:58:56 [restartedMain] INFO  o.s.b.w.s.c.ServletWebServerApplicationContext - Root WebApplicationContext: initialization completed in 1358 ms
2024-06-16 22:58:56 [restartedMain] INFO  com.zaxxer.hikari.HikariDataSource - HikariPool-1 - Starting...
2024-06-16 22:58:56 [restartedMain] INFO  com.zaxxer.hikari.pool.HikariPool - HikariPool-1 - Added connection com.mysql.cj.jdbc.ConnectionImpl@1216fe10
2024-06-16 22:58:56 [restartedMain] INFO  com.zaxxer.hikari.HikariDataSource - HikariPool-1 - Start completed.
2024-06-16 22:58:56 [restartedMain] INFO  o.h.jpa.internal.util.LogHelper - HHH000204: Processing PersistenceUnitInfo [name: default]
2024-06-16 22:58:56 [restartedMain] INFO  org.hibernate.Version - HHH000412: Hibernate ORM core version 6.4.4.Final
2024-06-16 22:58:56 [restartedMain] INFO  o.h.c.i.RegionFactoryInitiator - HHH000026: Second-level cache disabled
2024-06-16 22:58:57 [restartedMain] INFO  o.s.o.j.p.SpringPersistenceUnitInfo - No LoadTimeWeaver setup: ignoring JPA class transformer
2024-06-16 22:58:57 [restartedMain] INFO  o.h.e.t.j.p.i.JtaPlatformInitiator - HHH000489: No JTA platform available (set 'hibernate.transaction.jta.platform' to enable JTA platform integration)
2024-06-16 22:58:57 [restartedMain] INFO  o.s.o.j.LocalContainerEntityManagerFactoryBean - Initialized JPA EntityManagerFactory for persistence unit 'default'
2024-06-16 22:58:58 [restartedMain] WARN  o.s.b.a.o.j.JpaBaseConfiguration$JpaWebConfiguration - spring.jpa.open-in-view is enabled by default. Therefore, database queries may be performed during view rendering. Explicitly configure spring.jpa.open-in-view to disable this warning
2024-06-16 22:58:58 [restartedMain] INFO  o.s.b.d.a.OptionalLiveReloadServer - LiveReload server is running on port 35729
2024-06-16 22:58:58 [restartedMain] INFO  o.a.coyote.http11.Http11NioProtocol - Starting ProtocolHandler ["http-nio-8080"]
2024-06-16 22:58:58 [restartedMain] INFO  o.s.b.w.e.tomcat.TomcatWebServer - Tomcat started on port 8080 (http) with context path ''
2024-06-16 22:58:58 [restartedMain] INFO  m.v.c.Cs2itemsrestapiApplication - Started Cs2itemsrestapiApplication in 4.192 seconds (process running for 5.911)
2024-06-16 22:59:07 [http-nio-8080-exec-1] INFO  o.a.c.c.C.[Tomcat].[localhost].[/] - Initializing Spring DispatcherServlet 'dispatcherServlet'
2024-06-16 22:59:07 [http-nio-8080-exec-1] INFO  o.s.web.servlet.DispatcherServlet - Initializing Servlet 'dispatcherServlet'
2024-06-16 22:59:07 [http-nio-8080-exec-1] INFO  o.s.web.servlet.DispatcherServlet - Completed initialization in 1 ms
2024-06-16 23:00:40 [http-nio-8080-exec-4] WARN  o.s.w.s.m.m.a.ExceptionHandlerExceptionResolver - Resolved [me.vasylkov.cs2itemsrestapi.rest.exception.EntityNotFoundException: Item with name Sticker | dupreeh (Glitter not found]
2024-06-16 23:00:40 [http-nio-8080-exec-5] WARN  o.s.w.s.m.m.a.ExceptionHandlerExceptionResolver - Resolved [me.vasylkov.cs2itemsrestapi.rest.exception.EntityNotFoundException: Item with name Sticker | Champion) | Paris 2023 not found]
2024-06-16 23:04:12 [http-nio-8080-exec-5] WARN  o.s.w.s.m.m.a.ExceptionHandlerExceptionResolver - Resolved [me.vasylkov.cs2itemsrestapi.rest.exception.EntityNotFoundException: Item with name Sticker | Knife&#39s Edge,  Not A Bot,  Run T,  Run,  Spectators not found]
2024-06-16 23:04:12 [http-nio-8080-exec-6] WARN  o.s.w.s.m.m.a.ExceptionHandlerExceptionResolver - Resolved [me.vasylkov.cs2itemsrestapi.rest.exception.EntityNotFoundException: Item with name Sticker |  not found]
2024-06-16 23:04:12 [http-nio-8080-exec-7] WARN  o.s.w.s.m.m.a.ExceptionHandlerExceptionResolver - Resolved [me.vasylkov.cs2itemsrestapi.rest.exception.EntityNotFoundException: Item with name Sticker |  not found]
2024-06-16 23:04:12 [http-nio-8080-exec-8] WARN  o.s.w.s.m.m.a.ExceptionHandlerExceptionResolver - Resolved [me.vasylkov.cs2itemsrestapi.rest.exception.EntityNotFoundException: Item with name Sticker |  not found]
2024-06-16 23:05:44 [SpringApplicationShutdownHook] INFO  o.s.o.j.LocalContainerEntityManagerFactoryBean - Closing JPA EntityManagerFactory for persistence unit 'default'
2024-06-16 23:05:44 [SpringApplicationShutdownHook] INFO  com.zaxxer.hikari.HikariDataSource - HikariPool-1 - Shutdown initiated...
2024-06-16 23:05:44 [SpringApplicationShutdownHook] INFO  com.zaxxer.hikari.HikariDataSource - HikariPool-1 - Shutdown completed.
